<?xml version="1.0" encoding="UTF-8"?>
<!-- Generated by org.testng.reporters.JUnitReportReporter -->
<testsuite hostname="Harender-MacBook-Pro.local" failures="0" tests="3" name="APITESTING.API.DeletePledgeEvent" time="5.600" errors="0" timestamp="2023-09-16T03:20:36 IST" skipped="0">
  <testcase classname="APITESTING.API.DeletePledgeEvent" name="pledgeevent" time="2.023"/>
  <system-out/>
  <testcase classname="APITESTING.API.DeletePledgeEvent" name="delete_pledge_event" time="1.725"/>
  <system-out/>
  <testcase classname="APITESTING.API.DeletePledgeEvent" name="oauth" time="1.852"/>
  <system-out/>
</testsuite> <!-- APITESTING.API.DeletePledgeEvent -->
