<?xml version="1.0" encoding="UTF-8"?>
<!-- Generated by org.testng.reporters.JUnitReportReporter -->
<testsuite hostname="Harender-MacBook-Pro.local" failures="0" tests="3" name="APITESTING.API.DeletePledgeEvent" time="9.736" errors="0" timestamp="2023-08-17T03:02:30 IST" skipped="0">
  <testcase classname="APITESTING.API.DeletePledgeEvent" name="oauth" time="5.063"/>
  <system-out/>
  <testcase classname="APITESTING.API.DeletePledgeEvent" name="delete_pledge_event" time="2.071"/>
  <system-out/>
  <testcase classname="APITESTING.API.DeletePledgeEvent" name="pledgeevent" time="2.602"/>
  <system-out/>
</testsuite> <!-- APITESTING.API.DeletePledgeEvent -->
