<?xml version="1.0" encoding="UTF-8"?>
<!-- Generated by org.testng.reporters.JUnitReportReporter -->
<testsuite hostname="Harender-MacBook-Pro.local" failures="0" tests="2" name="APITESTING.API.Delete_API" time="1.015" errors="0" timestamp="2023-09-16T03:20:36 IST" skipped="0">
  <testcase classname="APITESTING.API.Delete_API" name="get464user" time="0.510"/>
  <system-out/>
  <testcase classname="APITESTING.API.Delete_API" name="deleteapi" time="0.505"/>
  <system-out/>
</testsuite> <!-- APITESTING.API.Delete_API -->
