<?xml version="1.0" encoding="UTF-8"?>
<!-- Generated by org.testng.reporters.JUnitReportReporter -->
<testsuite hostname="Harender-MacBook-Pro.local" failures="0" tests="3" name="APITESTING.API.DeleteTicketEvent" time="5.775" errors="0" timestamp="2023-09-16T03:20:36 IST" skipped="0">
  <testcase classname="APITESTING.API.DeleteTicketEvent" name="event" time="1.884"/>
  <system-out/>
  <testcase classname="APITESTING.API.DeleteTicketEvent" name="oauth" time="1.920"/>
  <system-out/>
  <testcase classname="APITESTING.API.DeleteTicketEvent" name="delete_normal_event" time="1.971"/>
  <system-out/>
</testsuite> <!-- APITESTING.API.DeleteTicketEvent -->
