<?xml version="1.0" encoding="UTF-8"?>
<!-- Generated by org.testng.reporters.JUnitReportReporter -->
<testsuite hostname="Harender-MacBook-Pro.local" failures="0" tests="6" name="APITESTING.API.Pledge_Event" time="23.331" errors="0" timestamp="2023-09-16T03:20:36 IST" skipped="0">
  <testcase classname="APITESTING.API.Pledge_Event" name="paymentmethod" time="5.118"/>
  <system-out/>
  <testcase classname="APITESTING.API.Pledge_Event" name="pledgeevent" time="1.956"/>
  <system-out/>
  <testcase classname="APITESTING.API.Pledge_Event" name="giftbox" time="2.230"/>
  <system-out/>
  <testcase classname="APITESTING.API.Pledge_Event" name="oauth" time="1.908"/>
  <system-out/>
  <testcase classname="APITESTING.API.Pledge_Event" name="signup" time="4.911"/>
  <system-out/>
  <testcase classname="APITESTING.API.Pledge_Event" name="donor" time="7.208"/>
  <system-out/>
</testsuite> <!-- APITESTING.API.Pledge_Event -->
