<?xml version="1.0" encoding="UTF-8"?>
<!-- Generated by org.testng.reporters.JUnitReportReporter -->
<testsuite hostname="Harender-MacBook-Pro.local" failures="0" tests="6" name="APITESTING.API.LoginAPI" time="57.751" errors="0" timestamp="2023-09-16T00:59:56 IST" skipped="0">
  <testcase classname="APITESTING.API.LoginAPI" name="oauth" time="10.336"/>
  <system-out/>
  <testcase classname="APITESTING.API.LoginAPI" name="giftbox" time="10.953"/>
  <system-out/>
  <testcase classname="APITESTING.API.LoginAPI" name="event" time="3.657"/>
  <system-out/>
  <testcase classname="APITESTING.API.LoginAPI" name="signup" time="7.129"/>
  <system-out/>
  <testcase classname="APITESTING.API.LoginAPI" name="Donor" time="10.754"/>
  <system-out/>
  <testcase classname="APITESTING.API.LoginAPI" name="paymentmethod" time="14.922"/>
  <system-out/>
</testsuite> <!-- APITESTING.API.LoginAPI -->
