<?xml version="1.0" encoding="UTF-8"?>
<!-- Generated by org.testng.reporters.JUnitReportReporter -->
<testsuite hostname="Harender-MacBook-Pro.local" failures="0" tests="4" name="APITESTING.API.apidemo" time="5.033" errors="0" timestamp="2023-07-31T00:24:12 IST" skipped="0">
  <testcase classname="APITESTING.API.apidemo" name="apiputcall" time="0.790"/>
  <system-out/>
  <testcase classname="APITESTING.API.apidemo" name="apigetcall" time="0.369"/>
  <system-out/>
  <testcase classname="APITESTING.API.apidemo" name="apipostcall" time="0.774"/>
  <system-out/>
  <testcase classname="APITESTING.API.apidemo" name="apideletecall" time="3.100"/>
  <system-out/>
</testsuite> <!-- APITESTING.API.apidemo -->
