<?xml version="1.0" encoding="UTF-8"?>
<!-- Generated by org.testng.reporters.JUnitReportReporter -->
<testsuite hostname="Harender-MacBook-Pro.local" failures="0" tests="2" name="APITESTING.API.AuthorizeUserProfile" time="8.013" errors="0" timestamp="2023-11-26T01:39:46 IST" skipped="0">
  <testcase classname="APITESTING.API.AuthorizeUserProfile" name="oauth" time="6.095"/>
  <system-out/>
  <testcase classname="APITESTING.API.AuthorizeUserProfile" name="getauthorizeuserprofile" time="1.918"/>
  <system-out/>
</testsuite> <!-- APITESTING.API.AuthorizeUserProfile -->
