<?xml version="1.0" encoding="UTF-8"?>
<!-- Generated by org.testng.reporters.JUnitReportReporter -->
<testsuite hostname="Harender-MacBook-Pro.local" failures="0" tests="1" name="APITESTING.API.Basic_Authentication" time="3.064" errors="0" timestamp="2023-08-06T03:26:01 IST" skipped="0">
  <testcase classname="APITESTING.API.Basic_Authentication" name="basicauth" time="3.064"/>
  <system-out/>
</testsuite> <!-- APITESTING.API.Basic_Authentication -->
