<?xml version="1.0" encoding="UTF-8"?>
<!-- Generated by org.testng.reporters.JUnitReportReporter -->
<testsuite hostname="Harender-MacBook-Pro.local" failures="0" tests="1" name="APITESTING.API.Api_Key_Auth" time="3.428" errors="0" timestamp="2023-08-06T15:43:13 IST" skipped="0">
  <testcase classname="APITESTING.API.Api_Key_Auth" name="apikeyauth" time="3.428"/>
  <system-out/>
</testsuite> <!-- APITESTING.API.Api_Key_Auth -->
