<?xml version="1.0" encoding="UTF-8"?>
<!-- Generated by org.testng.reporters.JUnitReportReporter -->
<testsuite hostname="Harender-MacBook-Pro.local" failures="0" tests="2" name="APITESTING.API.Donor" time="9.432" errors="0" timestamp="2023-09-16T03:20:36 IST" skipped="0">
  <testcase classname="APITESTING.API.Donor" name="Donor" time="7.526"/>
  <system-out/>
  <testcase classname="APITESTING.API.Donor" name="oauth" time="1.906"/>
  <system-out/>
</testsuite> <!-- APITESTING.API.Donor -->
