<?xml version="1.0" encoding="UTF-8"?>
<!-- Generated by org.testng.reporters.JUnitReportReporter -->
<testsuite hostname="Harender-MacBook-Pro.local" failures="0" tests="3" name="APITESTING.API.DeleteNormalEvent" time="9.772" errors="0" timestamp="2023-08-17T03:12:42 IST" skipped="0">
  <testcase classname="APITESTING.API.DeleteNormalEvent" name="oauth" time="5.244"/>
  <system-out/>
  <testcase classname="APITESTING.API.DeleteNormalEvent" name="event" time="2.304"/>
  <system-out/>
  <testcase classname="APITESTING.API.DeleteNormalEvent" name="delete_normal_event" time="2.224"/>
  <system-out/>
</testsuite> <!-- APITESTING.API.DeleteNormalEvent -->
