<?xml version="1.0" encoding="UTF-8"?>
<!-- Generated by org.testng.reporters.JUnitReportReporter -->
<testsuite hostname="Harender-MacBook-Pro.local" failures="0" tests="3" name="APITESTING.API.DeleteNormalEvent" time="5.625" errors="0" timestamp="2023-09-16T03:20:36 IST" skipped="0">
  <testcase classname="APITESTING.API.DeleteNormalEvent" name="oauth" time="1.880"/>
  <system-out/>
  <testcase classname="APITESTING.API.DeleteNormalEvent" name="event" time="1.927"/>
  <system-out/>
  <testcase classname="APITESTING.API.DeleteNormalEvent" name="delete_normal_event" time="1.818"/>
  <system-out/>
</testsuite> <!-- APITESTING.API.DeleteNormalEvent -->
