<?xml version="1.0" encoding="UTF-8"?>
<!-- Generated by org.testng.reporters.JUnitReportReporter -->
<testsuite hostname="Harender-MacBook-Pro.local" failures="0" tests="1" name="APITESTING.API.GetCrowdfundingEvent" time="2.051" errors="0" timestamp="2023-09-16T03:20:36 IST" skipped="0">
  <testcase classname="APITESTING.API.GetCrowdfundingEvent" name="get_crowdfunding_event" time="2.051"/>
  <system-out/>
</testsuite> <!-- APITESTING.API.GetCrowdfundingEvent -->
