<?xml version="1.0" encoding="UTF-8"?>
<!-- Generated by org.testng.reporters.JUnitReportReporter -->
<testsuite hostname="Harender-MacBook-Pro.local" failures="0" tests="6" name="APITESTING.API.Ticket_Event" time="51.345" errors="0" timestamp="2023-08-17T01:25:16 IST" skipped="0">
  <testcase classname="APITESTING.API.Ticket_Event" name="event" time="12.808"/>
  <system-out/>
  <testcase classname="APITESTING.API.Ticket_Event" name="paymentmethod" time="9.634"/>
  <system-out/>
  <testcase classname="APITESTING.API.Ticket_Event" name="giftbox" time="5.402"/>
  <system-out/>
  <testcase classname="APITESTING.API.Ticket_Event" name="signup" time="9.009"/>
  <system-out/>
  <testcase classname="APITESTING.API.Ticket_Event" name="oauth" time="5.231"/>
  <system-out/>
  <testcase classname="APITESTING.API.Ticket_Event" name="donor" time="9.261"/>
  <system-out/>
</testsuite> <!-- APITESTING.API.Ticket_Event -->
