<?xml version="1.0" encoding="UTF-8"?>
<!-- Generated by org.testng.reporters.JUnitReportReporter -->
<testsuite hostname="Harender-MacBook-Pro.local" failures="0" tests="6" name="APITESTING.API.LoginAPI" time="30.740" errors="0" timestamp="2023-09-18T00:54:54 IST" skipped="0">
  <testcase classname="APITESTING.API.LoginAPI" name="event" time="2.363"/>
  <system-out/>
  <testcase classname="APITESTING.API.LoginAPI" name="paymentmethod" time="7.351"/>
  <system-out/>
  <testcase classname="APITESTING.API.LoginAPI" name="giftbox" time="2.370"/>
  <system-out/>
  <testcase classname="APITESTING.API.LoginAPI" name="oauth" time="5.618"/>
  <system-out/>
  <testcase classname="APITESTING.API.LoginAPI" name="Donor" time="7.878"/>
  <system-out/>
  <testcase classname="APITESTING.API.LoginAPI" name="signup" time="5.160"/>
  <system-out/>
</testsuite> <!-- APITESTING.API.LoginAPI -->
