<?xml version="1.0" encoding="UTF-8"?>
<!-- Generated by org.testng.reporters.JUnitReportReporter -->
<testsuite hostname="Harender-MacBook-Pro.local" failures="0" tests="1" name="APITESTING.API.BearerTokenAuth" time="0.441" errors="0" timestamp="2023-09-16T03:20:36 IST" skipped="0">
  <testcase classname="APITESTING.API.BearerTokenAuth" name="Bearertokenauth" time="0.441"/>
  <system-out/>
</testsuite> <!-- APITESTING.API.BearerTokenAuth -->
