<?xml version="1.0" encoding="UTF-8"?>
<!-- Generated by org.testng.reporters.JUnitReportReporter -->
<testsuite hostname="Harender-MacBook-Pro.local" failures="0" tests="3" name="APITESTING.API.LogIn_LogOut" time="8.684" errors="0" timestamp="2023-11-26T01:43:02 IST" skipped="0">
  <testcase classname="APITESTING.API.LogIn_LogOut" name="oauth" time="5.063"/>
  <system-out/>
  <testcase classname="APITESTING.API.LogIn_LogOut" name="logout" time="1.894"/>
  <system-out/>
  <testcase classname="APITESTING.API.LogIn_LogOut" name="login" time="1.727"/>
  <system-out/>
</testsuite> <!-- APITESTING.API.LogIn_LogOut -->
