<?xml version="1.0" encoding="UTF-8"?>
<!-- Generated by org.testng.reporters.JUnitReportReporter -->
<testsuite hostname="Harender-MacBook-Pro.local" failures="0" tests="6" name="APITESTING.API.CrowdFunding" time="24.238" errors="0" timestamp="2023-09-16T03:20:36 IST" skipped="0">
  <testcase classname="APITESTING.API.CrowdFunding" name="signup" time="5.689"/>
  <system-out/>
  <testcase classname="APITESTING.API.CrowdFunding" name="paymentmethod" time="5.078"/>
  <system-out/>
  <testcase classname="APITESTING.API.CrowdFunding" name="oauth" time="1.910"/>
  <system-out/>
  <testcase classname="APITESTING.API.CrowdFunding" name="donor" time="7.597"/>
  <system-out/>
  <testcase classname="APITESTING.API.CrowdFunding" name="giftbox" time="2.097"/>
  <system-out/>
  <testcase classname="APITESTING.API.CrowdFunding" name="crowdfunding" time="1.867"/>
  <system-out/>
</testsuite> <!-- APITESTING.API.CrowdFunding -->
