<?xml version="1.0" encoding="UTF-8"?>
<!-- Generated by org.testng.reporters.JUnitReportReporter -->
<testsuite hostname="Harender-MacBook-Pro.local" failures="0" tests="2" name="APITESTING.API.AuthorizeUserProfile" time="7.724" errors="0" timestamp="2023-09-18T00:09:46 IST" skipped="0">
  <testcase classname="APITESTING.API.AuthorizeUserProfile" name="oauth" time="5.512"/>
  <system-out/>
  <testcase classname="APITESTING.API.AuthorizeUserProfile" name="getauthorizeuserprofile" time="2.212"/>
  <system-out/>
</testsuite> <!-- APITESTING.API.AuthorizeUserProfile -->
