<?xml version="1.0" encoding="UTF-8"?>
<!-- Generated by org.testng.reporters.JUnitReportReporter -->
<testsuite hostname="Harender-MacBook-Pro.local" failures="0" tests="4" name="APITESTING.API.apidemo" time="1.838" errors="0" timestamp="2023-09-16T03:20:36 IST" skipped="0">
  <testcase classname="APITESTING.API.apidemo" name="apiputcall" time="0.505"/>
  <system-out/>
  <testcase classname="APITESTING.API.apidemo" name="apigetcall" time="0.164"/>
  <system-out/>
  <testcase classname="APITESTING.API.apidemo" name="apideletecall" time="0.608"/>
  <system-out/>
  <testcase classname="APITESTING.API.apidemo" name="apipostcall" time="0.561"/>
  <system-out/>
</testsuite> <!-- APITESTING.API.apidemo -->
