<?xml version="1.0" encoding="UTF-8"?>
<!-- Generated by org.testng.reporters.JUnitReportReporter -->
<testsuite hostname="Harender-MacBook-Pro.local" failures="0" tests="2" name="APITESTING.API.GetDonor" time="8.093" errors="0" timestamp="2023-11-26T01:42:22 IST" skipped="0">
  <testcase classname="APITESTING.API.GetDonor" name="oauth" time="5.224"/>
  <system-out/>
  <testcase classname="APITESTING.API.GetDonor" name="get_Donor" time="2.869"/>
  <system-out/>
</testsuite> <!-- APITESTING.API.GetDonor -->
