<?xml version="1.0" encoding="UTF-8"?>
<!-- Generated by org.testng.reporters.JUnitReportReporter -->
<testsuite hostname="Harender-MacBook-Pro.local" failures="0" tests="1" name="APITESTING.API.Signup" time="0.061" errors="0" timestamp="2023-11-26T01:46:52 IST" skipped="0">
  <testcase classname="APITESTING.API.Signup" name="signup" time="0.061"/>
  <system-out/>
</testsuite> <!-- APITESTING.API.Signup -->
