<?xml version="1.0" encoding="UTF-8"?>
<!-- Generated by org.testng.reporters.JUnitReportReporter -->
<testsuite hostname="Harender-MacBook-Pro.local" failures="0" tests="1" name="APITESTING.API.GetNormalEvent" time="4.530" errors="0" timestamp="2023-08-17T02:25:33 IST" skipped="0">
  <testcase classname="APITESTING.API.GetNormalEvent" name="get_normal_event" time="4.530"/>
  <system-out/>
</testsuite> <!-- APITESTING.API.GetNormalEvent -->
