<?xml version="1.0" encoding="UTF-8"?>
<!-- Generated by org.testng.reporters.JUnitReportReporter -->
<testsuite hostname="Harender-MacBook-Pro.local" failures="0" tests="1" name="APITESTING.API.Digest_auth" time="3.700" errors="0" timestamp="2023-08-06T03:47:53 IST" skipped="0">
  <testcase classname="APITESTING.API.Digest_auth" name="digestauth" time="3.700"/>
  <system-out/>
</testsuite> <!-- APITESTING.API.Digest_auth -->
