<?xml version="1.0" encoding="UTF-8"?>
<!-- Generated by org.testng.reporters.JUnitReportReporter -->
<testsuite hostname="Harender-MacBook-Pro.local" failures="0" tests="2" name="APITESTING.API.Patch_API" time="3.459" errors="0" timestamp="2023-08-06T02:27:53 IST" skipped="0">
  <testcase classname="APITESTING.API.Patch_API" name="get464user" time="2.737"/>
  <system-out/>
  <testcase classname="APITESTING.API.Patch_API" name="patchapi" time="0.722"/>
  <system-out/>
</testsuite> <!-- APITESTING.API.Patch_API -->
