<?xml version="1.0" encoding="UTF-8"?>
<!-- Generated by org.testng.reporters.JUnitReportReporter -->
<testsuite hostname="Harender-MacBook-Pro.local" failures="0" tests="1" name="APITESTING.API.MyLocation" time="9.400" errors="0" timestamp="2023-09-18T00:35:51 IST" skipped="0">
  <testcase classname="APITESTING.API.MyLocation" name="oauth" time="9.400"/>
  <system-out/>
</testsuite> <!-- APITESTING.API.MyLocation -->
