<?xml version="1.0" encoding="UTF-8"?>
<!-- Generated by org.testng.reporters.JUnitReportReporter -->
<testsuite hostname="Harender-MacBook-Pro.local" failures="0" tests="1" name="APITESTING.API.Get_API" time="3.210" errors="0" timestamp="2023-08-06T01:39:29 IST" skipped="0">
  <testcase classname="APITESTING.API.Get_API" name="Get_api" time="3.210"/>
  <system-out/>
</testsuite> <!-- APITESTING.API.Get_API -->
