<?xml version="1.0" encoding="UTF-8"?>
<!-- Generated by org.testng.reporters.JUnitReportReporter -->
<testsuite hostname="Harender-MacBook-Pro.local" failures="0" tests="3" name="APITESTING.API.DeleteTicketEvent" time="9.267" errors="0" timestamp="2023-08-17T03:10:31 IST" skipped="0">
  <testcase classname="APITESTING.API.DeleteTicketEvent" name="oauth" time="4.807"/>
  <system-out/>
  <testcase classname="APITESTING.API.DeleteTicketEvent" name="event" time="2.364"/>
  <system-out/>
  <testcase classname="APITESTING.API.DeleteTicketEvent" name="delete_normal_event" time="2.096"/>
  <system-out/>
</testsuite> <!-- APITESTING.API.DeleteTicketEvent -->
