<?xml version="1.0" encoding="UTF-8"?>
<!-- Generated by org.testng.reporters.JUnitReportReporter -->
<testsuite hostname="Harender-MacBook-Pro.local" failures="0" tests="2" name="APITESTING.API.GetDonor" time="10.275" errors="0" timestamp="2023-08-17T03:42:15 IST" skipped="0">
  <testcase classname="APITESTING.API.GetDonor" name="get_Donor" time="5.254"/>
  <system-out/>
  <testcase classname="APITESTING.API.GetDonor" name="oauth" time="5.021"/>
  <system-out/>
</testsuite> <!-- APITESTING.API.GetDonor -->
