<?xml version="1.0" encoding="UTF-8"?>
<!-- Generated by org.testng.reporters.JUnitReportReporter -->
<testsuite hostname="Harender-MacBook-Pro.local" failures="0" tests="3" name="APITESTING.API.DeleteCrowdfundingEvent" time="5.912" errors="0" timestamp="2023-09-16T03:20:36 IST" skipped="0">
  <testcase classname="APITESTING.API.DeleteCrowdfundingEvent" name="oauth" time="1.916"/>
  <system-out/>
  <testcase classname="APITESTING.API.DeleteCrowdfundingEvent" name="delete_pledge_event" time="1.830"/>
  <system-out/>
  <testcase classname="APITESTING.API.DeleteCrowdfundingEvent" name="crowdfunding" time="2.166"/>
  <system-out/>
</testsuite> <!-- APITESTING.API.DeleteCrowdfundingEvent -->
