<?xml version="1.0" encoding="UTF-8"?>
<!-- Generated by org.testng.reporters.JUnitReportReporter -->
<testsuite hostname="Harender-MacBook-Pro.local" failures="0" tests="2" name="APITESTING.API.PatchDonor" time="8.066" errors="0" timestamp="2023-11-26T18:46:41 IST" skipped="0">
  <testcase classname="APITESTING.API.PatchDonor" name="Update_Donor" time="3.266"/>
  <system-out/>
  <testcase classname="APITESTING.API.PatchDonor" name="oauth" time="4.800"/>
  <system-out/>
</testsuite> <!-- APITESTING.API.PatchDonor -->
