<?xml version="1.0" encoding="UTF-8"?>
<!-- Generated by org.testng.reporters.JUnitReportReporter -->
<testsuite hostname="Harender-MacBook-Pro.local" failures="0" tests="1" name="APITESTING.API.Locationapi" time="6.202" errors="0" timestamp="2023-08-09T21:11:23 IST" skipped="0">
  <testcase classname="APITESTING.API.Locationapi" name="locationapi" time="6.202"/>
  <system-out/>
</testsuite> <!-- APITESTING.API.Locationapi -->
