<?xml version="1.0" encoding="UTF-8"?>
<!-- Generated by org.testng.reporters.JUnitReportReporter -->
<testsuite hostname="Harender-MacBook-Pro.local" failures="0" tests="6" name="APITESTING.API.LoginAPI" time="63.520" errors="0" timestamp="2023-09-16T13:10:36 IST" skipped="0">
  <testcase classname="APITESTING.API.LoginAPI" name="event" time="7.531"/>
  <system-out/>
  <testcase classname="APITESTING.API.LoginAPI" name="paymentmethod" time="14.855"/>
  <system-out/>
  <testcase classname="APITESTING.API.LoginAPI" name="giftbox" time="15.319"/>
  <system-out/>
  <testcase classname="APITESTING.API.LoginAPI" name="oauth" time="6.277"/>
  <system-out/>
  <testcase classname="APITESTING.API.LoginAPI" name="Donor" time="11.138"/>
  <system-out/>
  <testcase classname="APITESTING.API.LoginAPI" name="signup" time="8.400"/>
  <system-out/>
</testsuite> <!-- APITESTING.API.LoginAPI -->
