<?xml version="1.0" encoding="UTF-8"?>
<!-- Generated by org.testng.reporters.JUnitReportReporter -->
<testsuite hostname="Harender-MacBook-Pro.local" failures="0" tests="2" name="APITESTING.API.GetDonor" time="7.366" errors="0" timestamp="2023-09-16T03:20:36 IST" skipped="0">
  <testcase classname="APITESTING.API.GetDonor" name="get_Donor" time="5.425"/>
  <system-out/>
  <testcase classname="APITESTING.API.GetDonor" name="oauth" time="1.941"/>
  <system-out/>
</testsuite> <!-- APITESTING.API.GetDonor -->
