<?xml version="1.0" encoding="UTF-8"?>
<!-- Generated by org.testng.reporters.JUnitReportReporter -->
<testsuite hostname="Harender-MacBook-Pro.local" failures="0" tests="1" name="APITESTING.API.PostPaymentMethod" time="6.266" errors="0" timestamp="2023-09-16T12:59:51 IST" skipped="0">
  <testcase classname="APITESTING.API.PostPaymentMethod" name="oauth" time="6.266"/>
  <system-out/>
</testsuite> <!-- APITESTING.API.PostPaymentMethod -->
