<?xml version="1.0" encoding="UTF-8"?>
<!-- Generated by org.testng.reporters.JUnitReportReporter -->
<testsuite hostname="Harender-MacBook-Pro.local" failures="0" tests="6" name="APITESTING.API.LoginAPI" time="16.827" errors="0" timestamp="2023-12-30T21:35:46 IST" skipped="0">
  <testcase classname="APITESTING.API.LoginAPI" name="Donor" time="2.213"/>
  <system-out/>
  <testcase classname="APITESTING.API.LoginAPI" name="paymentmethod" time="2.069"/>
  <system-out/>
  <testcase classname="APITESTING.API.LoginAPI" name="event" time="2.510"/>
  <system-out/>
  <testcase classname="APITESTING.API.LoginAPI" name="oauth" time="5.600"/>
  <system-out/>
  <testcase classname="APITESTING.API.LoginAPI" name="giftbox" time="2.312"/>
  <system-out/>
  <testcase classname="APITESTING.API.LoginAPI" name="signup" time="2.123"/>
  <system-out/>
</testsuite> <!-- APITESTING.API.LoginAPI -->
