<?xml version="1.0" encoding="UTF-8"?>
<!-- Generated by org.testng.reporters.JUnitReportReporter -->
<testsuite hostname="Harender-MacBook-Pro.local" failures="0" tests="1" name="APITESTING.API.Put_API" time="3.063" errors="0" timestamp="2023-08-06T02:11:00 IST" skipped="0">
  <testcase classname="APITESTING.API.Put_API" name="putapi" time="3.063"/>
  <system-out/>
</testsuite> <!-- APITESTING.API.Put_API -->
