<?xml version="1.0" encoding="UTF-8"?>
<!-- Generated by org.testng.reporters.JUnitReportReporter -->
<testsuite hostname="Harender-MacBook-Pro.local" failures="0" tests="6" name="APITESTING.API.CrowdFunding" time="37.296" errors="0" timestamp="2023-08-17T00:31:31 IST" skipped="0">
  <testcase classname="APITESTING.API.CrowdFunding" name="paymentmethod" time="6.197"/>
  <system-out/>
  <testcase classname="APITESTING.API.CrowdFunding" name="crowdfunding" time="2.780"/>
  <system-out/>
  <testcase classname="APITESTING.API.CrowdFunding" name="oauth" time="5.286"/>
  <system-out/>
  <testcase classname="APITESTING.API.CrowdFunding" name="donor" time="10.774"/>
  <system-out/>
  <testcase classname="APITESTING.API.CrowdFunding" name="giftbox" time="2.467"/>
  <system-out/>
  <testcase classname="APITESTING.API.CrowdFunding" name="signup" time="9.792"/>
  <system-out/>
</testsuite> <!-- APITESTING.API.CrowdFunding -->
