<?xml version="1.0" encoding="UTF-8"?>
<!-- Generated by org.testng.reporters.JUnitReportReporter -->
<testsuite hostname="Harender-MacBook-Pro.local" failures="0" tests="3" name="APITESTING.API.DeleteNormalEvent" time="27.133" errors="0" timestamp="2023-11-26T01:41:45 IST" skipped="0">
  <testcase classname="APITESTING.API.DeleteNormalEvent" name="oauth" time="20.839"/>
  <system-out/>
  <testcase classname="APITESTING.API.DeleteNormalEvent" name="event" time="4.422"/>
  <system-out/>
  <testcase classname="APITESTING.API.DeleteNormalEvent" name="delete_normal_event" time="1.872"/>
  <system-out/>
</testsuite> <!-- APITESTING.API.DeleteNormalEvent -->
