<?xml version="1.0" encoding="UTF-8"?>
<!-- Generated by org.testng.reporters.JUnitReportReporter -->
<testsuite hostname="Harender-MacBook-Pro.local" failures="0" tests="6" name="APITESTING.API.Ticket_Event" time="28.411" errors="0" timestamp="2023-09-16T03:20:36 IST" skipped="0">
  <testcase classname="APITESTING.API.Ticket_Event" name="oauth" time="1.918"/>
  <system-out/>
  <testcase classname="APITESTING.API.Ticket_Event" name="signup" time="7.120"/>
  <system-out/>
  <testcase classname="APITESTING.API.Ticket_Event" name="paymentmethod" time="7.826"/>
  <system-out/>
  <testcase classname="APITESTING.API.Ticket_Event" name="event" time="2.072"/>
  <system-out/>
  <testcase classname="APITESTING.API.Ticket_Event" name="donor" time="7.408"/>
  <system-out/>
  <testcase classname="APITESTING.API.Ticket_Event" name="giftbox" time="2.067"/>
  <system-out/>
</testsuite> <!-- APITESTING.API.Ticket_Event -->
