<?xml version="1.0" encoding="UTF-8"?>
<!-- Generated by org.testng.reporters.JUnitReportReporter -->
<testsuite hostname="Harender-MacBook-Pro.local" failures="0" tests="6" name="APITESTING.API.LoginAPI" time="23.021" errors="0" timestamp="2023-09-16T03:20:36 IST" skipped="0">
  <testcase classname="APITESTING.API.LoginAPI" name="giftbox" time="1.942"/>
  <system-out/>
  <testcase classname="APITESTING.API.LoginAPI" name="oauth" time="2.011"/>
  <system-out/>
  <testcase classname="APITESTING.API.LoginAPI" name="signup" time="4.688"/>
  <system-out/>
  <testcase classname="APITESTING.API.LoginAPI" name="paymentmethod" time="5.010"/>
  <system-out/>
  <testcase classname="APITESTING.API.LoginAPI" name="event" time="1.883"/>
  <system-out/>
  <testcase classname="APITESTING.API.LoginAPI" name="Donor" time="7.487"/>
  <system-out/>
</testsuite> <!-- APITESTING.API.LoginAPI -->
