<?xml version="1.0" encoding="UTF-8"?>
<!-- Generated by org.testng.reporters.JUnitReportReporter -->
<testsuite hostname="Harender-MacBook-Pro.local" failures="0" tests="1" name="APITESTING.API.Patch_API" time="0.534" errors="0" timestamp="2023-09-16T03:20:36 IST" skipped="0">
  <testcase classname="APITESTING.API.Patch_API" name="patchapi" time="0.534"/>
  <system-out/>
</testsuite> <!-- APITESTING.API.Patch_API -->
