<?xml version="1.0" encoding="UTF-8"?>
<!-- Generated by org.testng.reporters.JUnitReportReporter -->
<testsuite hostname="Harender-MacBook-Pro.local" failures="0" tests="2" name="APITESTING.API.NormalEventPatch" time="8.411" errors="0" timestamp="2023-08-17T01:11:56 IST" skipped="0">
  <testcase classname="APITESTING.API.NormalEventPatch" name="patch_of_normal_event" time="2.989"/>
  <system-out/>
  <testcase classname="APITESTING.API.NormalEventPatch" name="oauth" time="5.422"/>
  <system-out/>
</testsuite> <!-- APITESTING.API.NormalEventPatch -->
