<?xml version="1.0" encoding="UTF-8"?>
<!-- Generated by org.testng.reporters.JUnitReportReporter -->
<testsuite hostname="Harender-MacBook-Pro.local" failures="0" tests="3" name="APITESTING.API.DeleteCrowdfundingEvent" time="9.284" errors="0" timestamp="2023-08-17T03:13:19 IST" skipped="0">
  <testcase classname="APITESTING.API.DeleteCrowdfundingEvent" name="oauth" time="5.042"/>
  <system-out/>
  <testcase classname="APITESTING.API.DeleteCrowdfundingEvent" name="crowdfunding" time="2.166"/>
  <system-out/>
  <testcase classname="APITESTING.API.DeleteCrowdfundingEvent" name="delete_pledge_event" time="2.076"/>
  <system-out/>
</testsuite> <!-- APITESTING.API.DeleteCrowdfundingEvent -->
