<?xml version="1.0" encoding="UTF-8"?>
<!-- Generated by org.testng.reporters.JUnitReportReporter -->
<testsuite hostname="Harender-MacBook-Pro.local" failures="0" tests="2" name="APITESTING.API.PatchDonor" time="11.120" errors="0" timestamp="2023-08-17T03:41:32 IST" skipped="0">
  <testcase classname="APITESTING.API.PatchDonor" name="Update_Donor" time="5.533"/>
  <system-out/>
  <testcase classname="APITESTING.API.PatchDonor" name="oauth" time="5.587"/>
  <system-out/>
</testsuite> <!-- APITESTING.API.PatchDonor -->
