<?xml version="1.0" encoding="UTF-8"?>
<!-- Generated by org.testng.reporters.JUnitReportReporter -->
<testsuite hostname="Harender-MacBook-Pro.local" failures="0" tests="6" name="APITESTING.API.Pledge_Event" time="28.389" errors="0" timestamp="2023-08-17T00:27:02 IST" skipped="0">
  <testcase classname="APITESTING.API.Pledge_Event" name="oauth" time="5.175"/>
  <system-out/>
  <testcase classname="APITESTING.API.Pledge_Event" name="signup" time="5.158"/>
  <system-out/>
  <testcase classname="APITESTING.API.Pledge_Event" name="donor" time="7.781"/>
  <system-out/>
  <testcase classname="APITESTING.API.Pledge_Event" name="paymentmethod" time="5.475"/>
  <system-out/>
  <testcase classname="APITESTING.API.Pledge_Event" name="pledgeevent" time="2.348"/>
  <system-out/>
  <testcase classname="APITESTING.API.Pledge_Event" name="giftbox" time="2.452"/>
  <system-out/>
</testsuite> <!-- APITESTING.API.Pledge_Event -->
