<?xml version="1.0" encoding="UTF-8"?>
<!-- Generated by org.testng.reporters.JUnitReportReporter -->
<testsuite hostname="Harender-MacBook-Pro.local" failures="0" tests="1" name="APITESTING.API.GetCrowdfundingEvent" time="6.652" errors="0" timestamp="2023-08-17T01:28:02 IST" skipped="0">
  <testcase classname="APITESTING.API.GetCrowdfundingEvent" name="get_normal_event" time="6.652"/>
  <system-out/>
</testsuite> <!-- APITESTING.API.GetCrowdfundingEvent -->
