<?xml version="1.0" encoding="UTF-8"?>
<!-- Generated by org.testng.reporters.JUnitReportReporter -->
<testsuite hostname="Harender-MacBook-Pro.local" failures="0" tests="2" name="APITESTING.API.Delete_API" time="3.242" errors="0" timestamp="2023-08-06T02:29:18 IST" skipped="0">
  <testcase classname="APITESTING.API.Delete_API" name="deleteapi" time="2.623"/>
  <system-out/>
  <testcase classname="APITESTING.API.Delete_API" name="get464user" time="0.619"/>
  <system-out/>
</testsuite> <!-- APITESTING.API.Delete_API -->
