<?xml version="1.0" encoding="UTF-8"?>
<!-- Generated by org.testng.reporters.JUnitReportReporter -->
<testsuite hostname="Harender-MacBook-Pro.local" failures="0" tests="2" name="APITESTING.API.PatchDonor" time="6.980" errors="0" timestamp="2023-09-16T03:20:36 IST" skipped="0">
  <testcase classname="APITESTING.API.PatchDonor" name="oauth" time="1.941"/>
  <system-out/>
  <testcase classname="APITESTING.API.PatchDonor" name="Update_Donor" time="5.039"/>
  <system-out/>
</testsuite> <!-- APITESTING.API.PatchDonor -->
