<?xml version="1.0" encoding="UTF-8"?>
<!-- Generated by org.testng.reporters.JUnitReportReporter -->
<testsuite hostname="Harender-MacBook-Pro.local" failures="0" tests="1" name="APITESTING.API.GetTicketEvent" time="4.383" errors="0" timestamp="2023-09-16T01:00:29 IST" skipped="0">
  <testcase classname="APITESTING.API.GetTicketEvent" name="get_ticket_event" time="4.383"/>
  <system-out/>
</testsuite> <!-- APITESTING.API.GetTicketEvent -->
