<?xml version="1.0" encoding="UTF-8"?>
<!-- Generated by org.testng.reporters.JUnitReportReporter -->
<testsuite hostname="Harender-MacBook-Pro.local" failures="0" tests="1" name="APITESTING.API.GetPledgeEvent" time="7.816" errors="0" timestamp="2023-08-17T01:29:55 IST" skipped="0">
  <testcase classname="APITESTING.API.GetPledgeEvent" name="get_pledge_event" time="7.816"/>
  <system-out/>
</testsuite> <!-- APITESTING.API.GetPledgeEvent -->
