<?xml version="1.0" encoding="UTF-8"?>
<!-- Generated by org.testng.reporters.JUnitReportReporter -->
<testsuite hostname="Harender-MacBook-Pro.local" failures="0" tests="2" name="APITESTING.API.Donor" time="13.082" errors="0" timestamp="2023-08-17T03:22:23 IST" skipped="0">
  <testcase classname="APITESTING.API.Donor" name="oauth" time="5.127"/>
  <system-out/>
  <testcase classname="APITESTING.API.Donor" name="Donor" time="7.955"/>
  <system-out/>
</testsuite> <!-- APITESTING.API.Donor -->
