<?xml version="1.0" encoding="UTF-8"?>
<!-- Generated by org.testng.reporters.JUnitReportReporter -->
<testsuite hostname="Harender-MacBook-Pro.local" failures="0" tests="1" name="APITESTING.API.Receipt" time="6.418" errors="0" timestamp="2023-09-18T02:50:19 IST" skipped="0">
  <testcase classname="APITESTING.API.Receipt" name="receipt" time="6.418"/>
  <system-out/>
</testsuite> <!-- APITESTING.API.Receipt -->
