<?xml version="1.0" encoding="UTF-8"?>
<!-- Generated by org.testng.reporters.JUnitReportReporter -->
<testsuite hostname="Harender-MacBook-Pro.local" failures="0" tests="1" name="APITESTING.API.Post_API" time="2.740" errors="0" timestamp="2023-08-06T02:01:22 IST" skipped="0">
  <testcase classname="APITESTING.API.Post_API" name="postapi" time="2.740"/>
  <system-out/>
</testsuite> <!-- APITESTING.API.Post_API -->
