<?xml version="1.0" encoding="UTF-8"?>
<!-- Generated by org.testng.reporters.JUnitReportReporter -->
<testsuite hostname="Harender-MacBook-Pro.local" failures="0" tests="1" name="APITESTING.API.BearerTokenAuth" time="3.784" errors="0" timestamp="2023-08-06T14:59:49 IST" skipped="0">
  <testcase classname="APITESTING.API.BearerTokenAuth" name="Bearertokenauth" time="3.784"/>
  <system-out/>
</testsuite> <!-- APITESTING.API.BearerTokenAuth -->
