<?xml version="1.0" encoding="UTF-8"?>
<!-- Generated by org.testng.reporters.JUnitReportReporter -->
<testsuite hostname="Harender-MacBook-Pro.local" failures="0" tests="3" name="APITESTING.API.LogIn_LogOut" time="74.636" errors="0" timestamp="2023-09-17T02:24:44 IST" skipped="0">
  <testcase classname="APITESTING.API.LogIn_LogOut" name="logout" time="7.338"/>
  <system-out/>
  <testcase classname="APITESTING.API.LogIn_LogOut" name="oauth" time="14.281"/>
  <system-out/>
  <testcase classname="APITESTING.API.LogIn_LogOut" name="login" time="53.017"/>
  <system-out/>
</testsuite> <!-- APITESTING.API.LogIn_LogOut -->
