<?xml version="1.0" encoding="UTF-8"?>
<!-- Generated by org.testng.reporters.JUnitReportReporter -->
<testsuite hostname="Harender-MacBook-Pro.local" failures="0" tests="2" name="APITESTING.API.GetPaymentMethod" time="7.305" errors="0" timestamp="2023-09-16T13:48:20 IST" skipped="0">
  <testcase classname="APITESTING.API.GetPaymentMethod" name="oauth" time="4.814"/>
  <system-out/>
  <testcase classname="APITESTING.API.GetPaymentMethod" name="getpaymentmethod" time="2.491"/>
  <system-out/>
</testsuite> <!-- APITESTING.API.GetPaymentMethod -->
