<?xml version="1.0" encoding="UTF-8"?>
<!-- Generated by org.testng.reporters.JUnitReportReporter -->
<testsuite hostname="Harender-MacBook-Pro.local" failures="0" tests="1" name="GIVECENTRAL1.GIVECENTRAL1.AddNewEvent" time="76.541" errors="0" timestamp="2024-02-28T23:32:03 IST" skipped="0">
  <testcase classname="GIVECENTRAL1.GIVECENTRAL1.AddNewEvent" name="Add_New_Event" time="76.541"/>
  <system-out/>
</testsuite> <!-- GIVECENTRAL1.GIVECENTRAL1.AddNewEvent -->
