<?xml version="1.0" encoding="UTF-8"?>
<!-- Generated by org.testng.reporters.JUnitReportReporter -->
<testsuite hostname="Harender-MacBook-Pro.local" failures="0" tests="1" name="GIVECENTRAL1.GIVECENTRAL1.DiaccSecondRegistration" time="62.981" errors="0" timestamp="2023-10-31T10:25:26 IST" skipped="0">
  <testcase classname="GIVECENTRAL1.GIVECENTRAL1.DiaccSecondRegistration" name="diacc_registration_form" time="62.981"/>
  <system-out/>
</testsuite> <!-- GIVECENTRAL1.GIVECENTRAL1.DiaccSecondRegistration -->
