<?xml version="1.0" encoding="UTF-8"?>
<!-- Generated by org.testng.reporters.JUnitReportReporter -->
<testsuite hostname="Harender-MacBook-Pro.local" failures="0" tests="1" name="GIVECENTRAL1.GIVECENTRAL1.Communication_File" time="435.613" errors="0" timestamp="2024-02-28T23:09:32 IST" skipped="0">
  <testcase classname="GIVECENTRAL1.GIVECENTRAL1.Communication_File" name="Comm_file" time="435.613"/>
  <system-out/>
</testsuite> <!-- GIVECENTRAL1.GIVECENTRAL1.Communication_File -->
