<?xml version="1.0" encoding="UTF-8"?>
<!-- Generated by org.testng.reporters.JUnitReportReporter -->
<testsuite hostname="Harender-MacBook-Pro.local" failures="0" tests="1" name="GIVECENTRAL1.GIVECENTRAL1.AddDonor" time="60.270" errors="0" timestamp="2023-06-30T22:26:27 IST" skipped="0">
  <testcase classname="GIVECENTRAL1.GIVECENTRAL1.AddDonor" name="Add_Donor" time="60.270"/>
  <system-out/>
</testsuite> <!-- GIVECENTRAL1.GIVECENTRAL1.AddDonor -->
