<?xml version="1.0" encoding="UTF-8"?>
<!-- Generated by org.testng.reporters.JUnitReportReporter -->
<testsuite hostname="Harender-MacBook-Pro.local" failures="0" tests="1" name="GIVECENTRAL1.GIVECENTRAL1.Ticket_Event" time="312.602" errors="0" timestamp="2023-11-26T19:37:31 IST" skipped="0">
  <testcase classname="GIVECENTRAL1.GIVECENTRAL1.Ticket_Event" name="TicketEvent" time="312.602"/>
  <system-out/>
</testsuite> <!-- GIVECENTRAL1.GIVECENTRAL1.Ticket_Event -->
