<?xml version="1.0" encoding="UTF-8"?>
<!-- Generated by org.testng.reporters.JUnitReportReporter -->
<testsuite hostname="Harender-MacBook-Pro.local" failures="0" tests="1" name="GIVECENTRAL1.GIVECENTRAL1.Make_Guest_Payment" time="69.761" errors="0" timestamp="2024-03-06T01:37:51 IST" skipped="0">
  <testcase classname="GIVECENTRAL1.GIVECENTRAL1.Make_Guest_Payment" name="MakeGuestPayment" time="69.761"/>
  <system-out/>
</testsuite> <!-- GIVECENTRAL1.GIVECENTRAL1.Make_Guest_Payment -->
