<?xml version="1.0" encoding="UTF-8"?>
<!-- Generated by org.testng.reporters.JUnitReportReporter -->
<testsuite hostname="Harender-MacBook-Pro.local" failures="0" tests="1" name="GIVECENTRAL1.GIVECENTRAL1.Process_One_time_Payment" time="50.572" errors="0" timestamp="2023-05-31T23:05:33 IST" skipped="0">
  <testcase classname="GIVECENTRAL1.GIVECENTRAL1.Process_One_time_Payment" name="ProcessOneTimePayment" time="50.572"/>
  <system-out/>
</testsuite> <!-- GIVECENTRAL1.GIVECENTRAL1.Process_One_time_Payment -->
