<?xml version="1.0" encoding="UTF-8"?>
<!-- Generated by org.testng.reporters.JUnitReportReporter -->
<testsuite hostname="Harender-MacBook-Pro.local" failures="0" tests="1" name="GIVECENTRAL1.GIVECENTRAL1.Dynamic_Page3" time="101.307" errors="0" timestamp="2024-04-03T00:01:40 IST" skipped="0">
  <testcase classname="GIVECENTRAL1.GIVECENTRAL1.Dynamic_Page3" name="DynamicPage3" time="101.307"/>
  <system-out/>
</testsuite> <!-- GIVECENTRAL1.GIVECENTRAL1.Dynamic_Page3 -->
