<?xml version="1.0" encoding="UTF-8"?>
<!-- Generated by org.testng.reporters.JUnitReportReporter -->
<testsuite hostname="Harender-MacBook-Pro.local" failures="0" tests="1" name="GIVECENTRAL1.GIVECENTRAL1.GC_Profile" time="113.034" errors="0" timestamp="2023-05-28T14:17:18 IST" skipped="0">
  <testcase classname="GIVECENTRAL1.GIVECENTRAL1.GC_Profile" name="GCProfile" time="113.034"/>
  <system-out/>
</testsuite> <!-- GIVECENTRAL1.GIVECENTRAL1.GC_Profile -->
