<?xml version="1.0" encoding="UTF-8"?>
<!-- Generated by org.testng.reporters.JUnitReportReporter -->
<testsuite hostname="Harender-MacBook-Pro.local" failures="0" tests="1" name="GIVECENTRAL1.GIVECENTRAL1.Communication_File" time="231.385" errors="0" timestamp="2024-04-03T01:24:12 IST" skipped="0">
  <testcase classname="GIVECENTRAL1.GIVECENTRAL1.Communication_File" name="Comm_file" time="231.385"/>
  <system-out/>
</testsuite> <!-- GIVECENTRAL1.GIVECENTRAL1.Communication_File -->
