<?xml version="1.0" encoding="UTF-8"?>
<!-- Generated by org.testng.reporters.JUnitReportReporter -->
<testsuite hostname="Harender-MacBook-Pro.local" failures="0" tests="1" name="GIVECENTRAL1.GIVECENTRAL1.Dynamic_Page2" time="90.696" errors="0" timestamp="2024-04-02T23:49:56 IST" skipped="0">
  <testcase classname="GIVECENTRAL1.GIVECENTRAL1.Dynamic_Page2" name="DynamicPage2" time="90.696"/>
  <system-out/>
</testsuite> <!-- GIVECENTRAL1.GIVECENTRAL1.Dynamic_Page2 -->
