<?xml version="1.0" encoding="UTF-8"?>
<!-- Generated by org.testng.reporters.JUnitReportReporter -->
<testsuite hostname="Harender-MacBook-Pro.local" failures="0" tests="1" name="GIVECENTRAL1.GIVECENTRAL1.AddNewEvent" time="86.783" errors="0" timestamp="2023-05-28T20:52:23 IST" skipped="0">
  <testcase classname="GIVECENTRAL1.GIVECENTRAL1.AddNewEvent" name="Add_New_Event" time="86.783"/>
  <system-out/>
</testsuite> <!-- GIVECENTRAL1.GIVECENTRAL1.AddNewEvent -->
