<?xml version="1.0" encoding="UTF-8"?>
<!-- Generated by org.testng.reporters.JUnitReportReporter -->
<testsuite hostname="Harender-MacBook-Pro.local" failures="0" tests="1" name="GIVECENTRAL1.GIVECENTRAL1.AddDonor" time="64.661" errors="0" timestamp="2023-05-28T13:58:50 IST" skipped="0">
  <testcase classname="GIVECENTRAL1.GIVECENTRAL1.AddDonor" name="Add_Donor" time="64.661"/>
  <system-out/>
</testsuite> <!-- GIVECENTRAL1.GIVECENTRAL1.AddDonor -->
