<?xml version="1.0" encoding="UTF-8"?>
<!-- Generated by org.testng.reporters.JUnitReportReporter -->
<testsuite hostname="Harender-MacBook-Pro.local" failures="0" tests="1" name="GIVECENTRAL1.GIVECENTRAL1.Text_To_Engage_Report" time="84.538" errors="0" timestamp="2023-07-06T16:45:44 IST" skipped="0">
  <testcase classname="GIVECENTRAL1.GIVECENTRAL1.Text_To_Engage_Report" name="TextToEngageReport" time="84.538"/>
  <system-out/>
</testsuite> <!-- GIVECENTRAL1.GIVECENTRAL1.Text_To_Engage_Report -->
