<?xml version="1.0" encoding="UTF-8"?>
<!-- Generated by org.testng.reporters.JUnitReportReporter -->
<testsuite hostname="Harender-MacBook-Pro.local" failures="0" tests="1" name="GIVECENTRAL1.GIVECENTRAL1.Dynamic_Page1" time="71.019" errors="0" timestamp="2023-06-09T00:21:07 IST" skipped="0">
  <testcase classname="GIVECENTRAL1.GIVECENTRAL1.Dynamic_Page1" name="DynamicPage1" time="71.019"/>
  <system-out/>
</testsuite> <!-- GIVECENTRAL1.GIVECENTRAL1.Dynamic_Page1 -->
