<?xml version="1.0" encoding="UTF-8"?>
<!-- Generated by org.testng.reporters.JUnitReportReporter -->
<testsuite hostname="Harender-MacBook-Pro.local" failures="0" tests="1" name="GIVECENTRAL1.GIVECENTRAL1.Ticket_Event" time="86.756" errors="0" timestamp="2024-04-02T23:04:13 IST" skipped="0">
  <testcase classname="GIVECENTRAL1.GIVECENTRAL1.Ticket_Event" name="TicketEvent" time="86.756"/>
  <system-out/>
</testsuite> <!-- GIVECENTRAL1.GIVECENTRAL1.Ticket_Event -->
