<?xml version="1.0" encoding="UTF-8"?>
<!-- Generated by org.testng.reporters.JUnitReportReporter -->
<testsuite hostname="Harender-MacBook-Pro.local" failures="0" tests="1" name="GIVECENTRAL1.GIVECENTRAL1.Create_Pledge" time="119.126" errors="0" timestamp="2023-07-15T20:28:14 IST" skipped="0">
  <testcase classname="GIVECENTRAL1.GIVECENTRAL1.Create_Pledge" name="CreatePladge" time="119.126"/>
  <system-out/>
</testsuite> <!-- GIVECENTRAL1.GIVECENTRAL1.Create_Pledge -->
