<?xml version="1.0" encoding="UTF-8"?>
<!-- Generated by org.testng.reporters.JUnitReportReporter -->
<testsuite hostname="Harender-MacBook-Pro.local" failures="0" tests="1" name="GIVECENTRAL1.GIVECENTRAL1.Dynamic_Page1" time="276.083" errors="0" timestamp="2023-11-26T19:37:31 IST" skipped="0">
  <testcase classname="GIVECENTRAL1.GIVECENTRAL1.Dynamic_Page1" name="DynamicPage1" time="276.083"/>
  <system-out/>
</testsuite> <!-- GIVECENTRAL1.GIVECENTRAL1.Dynamic_Page1 -->
