<?xml version="1.0" encoding="UTF-8"?>
<!-- Generated by org.testng.reporters.JUnitReportReporter -->
<testsuite hostname="Harender-MacBook-Pro.local" failures="0" tests="1" name="GIVECENTRAL1.GIVECENTRAL1.Make_Guest_Payment" time="140.497" errors="0" timestamp="2023-06-04T14:07:29 IST" skipped="0">
  <testcase classname="GIVECENTRAL1.GIVECENTRAL1.Make_Guest_Payment" name="MakeGuestPayment" time="140.497"/>
  <system-out/>
</testsuite> <!-- GIVECENTRAL1.GIVECENTRAL1.Make_Guest_Payment -->
