<?xml version="1.0" encoding="UTF-8"?>
<!-- Generated by org.testng.reporters.JUnitReportReporter -->
<testsuite hostname="Harender-MacBook-Pro.local" failures="0" tests="1" name="GIVECENTRAL1.GIVECENTRAL1.Express_Setup_Manage_Auction" time="548.479" errors="0" timestamp="2023-06-10T01:51:24 IST" skipped="0">
  <testcase classname="GIVECENTRAL1.GIVECENTRAL1.Express_Setup_Manage_Auction" name="Manage_Auction" time="548.479"/>
  <system-out/>
</testsuite> <!-- GIVECENTRAL1.GIVECENTRAL1.Express_Setup_Manage_Auction -->
