<?xml version="1.0" encoding="UTF-8"?>
<!-- Generated by org.testng.reporters.JUnitReportReporter -->
<testsuite hostname="Harender-MacBook-Pro.local" failures="0" tests="1" name="GIVECENTRAL1.GIVECENTRAL1.DiaccRegistration" time="125.644" errors="0" timestamp="2023-11-05T10:46:56 IST" skipped="0">
  <testcase classname="GIVECENTRAL1.GIVECENTRAL1.DiaccRegistration" name="diacc_registration_form" time="125.644"/>
  <system-out/>
</testsuite> <!-- GIVECENTRAL1.GIVECENTRAL1.DiaccRegistration -->
