<?xml version="1.0" encoding="UTF-8"?>
<!-- Generated by org.testng.reporters.JUnitReportReporter -->
<testsuite hostname="Harender-MacBook-Pro.local" failures="0" tests="1" name="GIVECENTRAL1.GIVECENTRAL1.Communication_File" time="165.418" errors="0" timestamp="2023-07-02T00:05:14 IST" skipped="0">
  <testcase classname="GIVECENTRAL1.GIVECENTRAL1.Communication_File" name="Comm_file" time="165.418"/>
  <system-out/>
</testsuite> <!-- GIVECENTRAL1.GIVECENTRAL1.Communication_File -->
