<?xml version="1.0" encoding="UTF-8"?>
<!-- Generated by org.testng.reporters.JUnitReportReporter -->
<testsuite hostname="Harender-MacBook-Pro.local" failures="0" tests="1" name="GIVECENTRAL1.GIVECENTRAL1.Dynamic_Page4" time="94.855" errors="0" timestamp="2024-04-03T00:59:28 IST" skipped="0">
  <testcase classname="GIVECENTRAL1.GIVECENTRAL1.Dynamic_Page4" name="DynamicPage4" time="94.855"/>
  <system-out/>
</testsuite> <!-- GIVECENTRAL1.GIVECENTRAL1.Dynamic_Page4 -->
