<?xml version="1.0" encoding="UTF-8"?>
<!-- Generated by org.testng.reporters.JUnitReportReporter -->
<testsuite hostname="Harender-MacBook-Pro.local" failures="0" tests="1" name="GIVECENTRAL1.GIVECENTRAL1.Text_To_Engage_Report" time="64.639" errors="0" timestamp="2023-05-28T21:00:21 IST" skipped="0">
  <testcase classname="GIVECENTRAL1.GIVECENTRAL1.Text_To_Engage_Report" name="TextToEngageReport" time="64.639"/>
  <system-out/>
</testsuite> <!-- GIVECENTRAL1.GIVECENTRAL1.Text_To_Engage_Report -->
